1733660188.534269 client started (157612): version 3.3a, socket /tmp/tmux-1000/default, protocol 8
1733660188.534348 on Linux 6.1.0-22-amd64 #1 SMP PREEMPT_DYNAMIC Debian 6.1.94-1 (2024-06-21)
1733660188.534367 using libevent 2.1.12-stable (poll); ncurses 6.3
1733660188.534416 flags are 0x18010000
1733660188.534432 socket is /tmp/tmux-1000/default
1733660188.534464 trying connect
1733660188.534667 add peer 0x55e66b80b620: 6 ((nil))
1733660188.534907 sending message 100 to peer 0x55e66b80b620 (4 bytes)
1733660188.534914 sending message 111 to peer 0x55e66b80b620 (8 bytes)
1733660188.534917 sending message 101 to peer 0x55e66b80b620 (15 bytes)
1733660188.534919 sending message 109 to peer 0x55e66b80b620 (4 bytes)
1733660188.534921 sending message 102 to peer 0x55e66b80b620 (11 bytes)
1733660188.534924 sending message 108 to peer 0x55e66b80b620 (45 bytes)
1733660188.534926 sending message 112 to peer 0x55e66b80b620 (58 bytes)
1733660188.534928 sending message 112 to peer 0x55e66b80b620 (5 bytes)
1733660188.534931 sending message 112 to peer 0x55e66b80b620 (5 bytes)
1733660188.534933 sending message 112 to peer 0x55e66b80b620 (6 bytes)
1733660188.534935 sending message 112 to peer 0x55e66b80b620 (6 bytes)
1733660188.534937 sending message 112 to peer 0x55e66b80b620 (11 bytes)
1733660188.534940 sending message 112 to peer 0x55e66b80b620 (10 bytes)
1733660188.534942 sending message 112 to peer 0x55e66b80b620 (13 bytes)
1733660188.534944 sending message 112 to peer 0x55e66b80b620 (14 bytes)
1733660188.534947 sending message 112 to peer 0x55e66b80b620 (19 bytes)
1733660188.534949 sending message 112 to peer 0x55e66b80b620 (11 bytes)
1733660188.534951 sending message 112 to peer 0x55e66b80b620 (10 bytes)
1733660188.534953 sending message 112 to peer 0x55e66b80b620 (15 bytes)
1733660188.534955 sending message 112 to peer 0x55e66b80b620 (21 bytes)
1733660188.534958 sending message 112 to peer 0x55e66b80b620 (13 bytes)
1733660188.534960 sending message 112 to peer 0x55e66b80b620 (7 bytes)
1733660188.534962 sending message 112 to peer 0x55e66b80b620 (13 bytes)
1733660188.534964 sending message 112 to peer 0x55e66b80b620 (7 bytes)
1733660188.534967 sending message 112 to peer 0x55e66b80b620 (13 bytes)
1733660188.534969 sending message 112 to peer 0x55e66b80b620 (9 bytes)
1733660188.534971 sending message 112 to peer 0x55e66b80b620 (21 bytes)
1733660188.534973 sending message 112 to peer 0x55e66b80b620 (13 bytes)
1733660188.534975 sending message 112 to peer 0x55e66b80b620 (9 bytes)
1733660188.534978 sending message 112 to peer 0x55e66b80b620 (16 bytes)
1733660188.534980 sending message 112 to peer 0x55e66b80b620 (13 bytes)
1733660188.534983 sending message 112 to peer 0x55e66b80b620 (9 bytes)
1733660188.534985 sending message 112 to peer 0x55e66b80b620 (9 bytes)
1733660188.534987 sending message 112 to peer 0x55e66b80b620 (12 bytes)
1733660188.534989 sending message 112 to peer 0x55e66b80b620 (8 bytes)
1733660188.534991 sending message 112 to peer 0x55e66b80b620 (8 bytes)
1733660188.534994 sending message 112 to peer 0x55e66b80b620 (13 bytes)
1733660188.534996 sending message 112 to peer 0x55e66b80b620 (7 bytes)
1733660188.534998 sending message 112 to peer 0x55e66b80b620 (7 bytes)
1733660188.535000 sending message 112 to peer 0x55e66b80b620 (9 bytes)
1733660188.535003 sending message 112 to peer 0x55e66b80b620 (9 bytes)
1733660188.535005 sending message 112 to peer 0x55e66b80b620 (15 bytes)
1733660188.535007 sending message 112 to peer 0x55e66b80b620 (13 bytes)
1733660188.535009 sending message 112 to peer 0x55e66b80b620 (12 bytes)
1733660188.535011 sending message 112 to peer 0x55e66b80b620 (8 bytes)
1733660188.535014 sending message 112 to peer 0x55e66b80b620 (14 bytes)
1733660188.535016 sending message 112 to peer 0x55e66b80b620 (11 bytes)
1733660188.535018 sending message 112 to peer 0x55e66b80b620 (9 bytes)
1733660188.535020 sending message 112 to peer 0x55e66b80b620 (10 bytes)
1733660188.535022 sending message 112 to peer 0x55e66b80b620 (10 bytes)
1733660188.535025 sending message 112 to peer 0x55e66b80b620 (10 bytes)
1733660188.535027 sending message 112 to peer 0x55e66b80b620 (10 bytes)
1733660188.535034 sending message 112 to peer 0x55e66b80b620 (11 bytes)
1733660188.535037 sending message 112 to peer 0x55e66b80b620 (12 bytes)
1733660188.535039 sending message 112 to peer 0x55e66b80b620 (12 bytes)
1733660188.535042 sending message 112 to peer 0x55e66b80b620 (12 bytes)
1733660188.535044 sending message 112 to peer 0x55e66b80b620 (12 bytes)
1733660188.535046 sending message 112 to peer 0x55e66b80b620 (12 bytes)
1733660188.535048 sending message 112 to peer 0x55e66b80b620 (11 bytes)
1733660188.535050 sending message 112 to peer 0x55e66b80b620 (11 bytes)
1733660188.535053 sending message 112 to peer 0x55e66b80b620 (12 bytes)
1733660188.535055 sending message 112 to peer 0x55e66b80b620 (12 bytes)
1733660188.535057 sending message 112 to peer 0x55e66b80b620 (12 bytes)
1733660188.535059 sending message 112 to peer 0x55e66b80b620 (12 bytes)
1733660188.535062 sending message 112 to peer 0x55e66b80b620 (12 bytes)
1733660188.535064 sending message 112 to peer 0x55e66b80b620 (9 bytes)
1733660188.535066 sending message 112 to peer 0x55e66b80b620 (12 bytes)
1733660188.535068 sending message 112 to peer 0x55e66b80b620 (13 bytes)
1733660188.535070 sending message 112 to peer 0x55e66b80b620 (13 bytes)
1733660188.535073 sending message 112 to peer 0x55e66b80b620 (13 bytes)
1733660188.535075 sending message 112 to peer 0x55e66b80b620 (13 bytes)
1733660188.535077 sending message 112 to peer 0x55e66b80b620 (13 bytes)
1733660188.535079 sending message 112 to peer 0x55e66b80b620 (8 bytes)
1733660188.535082 sending message 112 to peer 0x55e66b80b620 (11 bytes)
1733660188.535084 sending message 112 to peer 0x55e66b80b620 (11 bytes)
1733660188.535086 sending message 112 to peer 0x55e66b80b620 (11 bytes)
1733660188.535088 sending message 112 to peer 0x55e66b80b620 (12 bytes)
1733660188.535090 sending message 112 to peer 0x55e66b80b620 (12 bytes)
1733660188.535092 sending message 112 to peer 0x55e66b80b620 (12 bytes)
1733660188.535095 sending message 112 to peer 0x55e66b80b620 (12 bytes)
1733660188.535097 sending message 112 to peer 0x55e66b80b620 (13 bytes)
1733660188.535099 sending message 112 to peer 0x55e66b80b620 (13 bytes)
1733660188.535101 sending message 112 to peer 0x55e66b80b620 (13 bytes)
1733660188.535103 sending message 112 to peer 0x55e66b80b620 (8 bytes)
1733660188.535105 sending message 112 to peer 0x55e66b80b620 (13 bytes)
1733660188.535108 sending message 112 to peer 0x55e66b80b620 (13 bytes)
1733660188.535110 sending message 112 to peer 0x55e66b80b620 (13 bytes)
1733660188.535112 sending message 112 to peer 0x55e66b80b620 (13 bytes)
1733660188.535115 sending message 112 to peer 0x55e66b80b620 (13 bytes)
1733660188.535117 sending message 112 to peer 0x55e66b80b620 (12 bytes)
1733660188.535119 sending message 112 to peer 0x55e66b80b620 (12 bytes)
1733660188.535121 sending message 112 to peer 0x55e66b80b620 (12 bytes)
1733660188.535124 sending message 112 to peer 0x55e66b80b620 (12 bytes)
1733660188.535126 sending message 112 to peer 0x55e66b80b620 (13 bytes)
1733660188.535128 sending message 112 to peer 0x55e66b80b620 (8 bytes)
1733660188.535130 sending message 112 to peer 0x55e66b80b620 (13 bytes)
1733660188.535133 sending message 112 to peer 0x55e66b80b620 (13 bytes)
1733660188.535135 sending message 112 to peer 0x55e66b80b620 (13 bytes)
1733660188.535137 sending message 112 to peer 0x55e66b80b620 (13 bytes)
1733660188.535139 sending message 112 to peer 0x55e66b80b620 (13 bytes)
1733660188.535141 sending message 112 to peer 0x55e66b80b620 (13 bytes)
1733660188.535144 sending message 112 to peer 0x55e66b80b620 (13 bytes)
1733660188.535146 sending message 112 to peer 0x55e66b80b620 (12 bytes)
1733660188.535148 sending message 112 to peer 0x55e66b80b620 (12 bytes)
1733660188.535150 sending message 112 to peer 0x55e66b80b620 (12 bytes)
1733660188.535153 sending message 112 to peer 0x55e66b80b620 (8 bytes)
1733660188.535155 sending message 112 to peer 0x55e66b80b620 (12 bytes)
1733660188.535157 sending message 112 to peer 0x55e66b80b620 (13 bytes)
1733660188.535159 sending message 112 to peer 0x55e66b80b620 (13 bytes)
1733660188.535164 sending message 112 to peer 0x55e66b80b620 (13 bytes)
1733660188.535166 sending message 112 to peer 0x55e66b80b620 (13 bytes)
1733660188.535168 sending message 112 to peer 0x55e66b80b620 (13 bytes)
1733660188.535170 sending message 112 to peer 0x55e66b80b620 (13 bytes)
1733660188.535173 sending message 112 to peer 0x55e66b80b620 (13 bytes)
1733660188.535175 sending message 112 to peer 0x55e66b80b620 (13 bytes)
1733660188.535177 sending message 112 to peer 0x55e66b80b620 (12 bytes)
1733660188.535179 sending message 112 to peer 0x55e66b80b620 (10 bytes)
1733660188.535181 sending message 112 to peer 0x55e66b80b620 (12 bytes)
1733660188.535184 sending message 112 to peer 0x55e66b80b620 (12 bytes)
1733660188.535186 sending message 112 to peer 0x55e66b80b620 (12 bytes)
1733660188.535188 sending message 112 to peer 0x55e66b80b620 (13 bytes)
1733660188.535190 sending message 112 to peer 0x55e66b80b620 (13 bytes)
1733660188.535193 sending message 112 to peer 0x55e66b80b620 (13 bytes)
1733660188.535195 sending message 112 to peer 0x55e66b80b620 (13 bytes)
1733660188.535197 sending message 112 to peer 0x55e66b80b620 (13 bytes)
1733660188.535199 sending message 112 to peer 0x55e66b80b620 (13 bytes)
1733660188.535201 sending message 112 to peer 0x55e66b80b620 (13 bytes)
1733660188.535204 sending message 112 to peer 0x55e66b80b620 (10 bytes)
1733660188.535206 sending message 112 to peer 0x55e66b80b620 (13 bytes)
1733660188.535208 sending message 112 to peer 0x55e66b80b620 (12 bytes)
1733660188.535210 sending message 112 to peer 0x55e66b80b620 (12 bytes)
1733660188.535212 sending message 112 to peer 0x55e66b80b620 (12 bytes)
1733660188.535215 sending message 112 to peer 0x55e66b80b620 (10 bytes)
1733660188.535217 sending message 112 to peer 0x55e66b80b620 (10 bytes)
1733660188.535219 sending message 112 to peer 0x55e66b80b620 (10 bytes)
1733660188.535222 sending message 112 to peer 0x55e66b80b620 (12 bytes)
1733660188.535224 sending message 112 to peer 0x55e66b80b620 (13 bytes)
1733660188.535226 sending message 112 to peer 0x55e66b80b620 (13 bytes)
1733660188.535228 sending message 112 to peer 0x55e66b80b620 (13 bytes)
1733660188.535230 sending message 112 to peer 0x55e66b80b620 (13 bytes)
1733660188.535232 sending message 112 to peer 0x55e66b80b620 (13 bytes)
1733660188.535234 sending message 112 to peer 0x55e66b80b620 (10 bytes)
1733660188.535237 sending message 112 to peer 0x55e66b80b620 (11 bytes)
1733660188.535239 sending message 112 to peer 0x55e66b80b620 (12 bytes)
1733660188.535241 sending message 112 to peer 0x55e66b80b620 (12 bytes)
1733660188.535243 sending message 112 to peer 0x55e66b80b620 (12 bytes)
1733660188.535246 sending message 112 to peer 0x55e66b80b620 (12 bytes)
1733660188.535248 sending message 112 to peer 0x55e66b80b620 (12 bytes)
1733660188.535250 sending message 112 to peer 0x55e66b80b620 (11 bytes)
1733660188.535252 sending message 112 to peer 0x55e66b80b620 (12 bytes)
1733660188.535255 sending message 112 to peer 0x55e66b80b620 (12 bytes)
1733660188.535257 sending message 112 to peer 0x55e66b80b620 (13 bytes)
1733660188.535260 sending message 112 to peer 0x55e66b80b620 (13 bytes)
1733660188.535263 sending message 112 to peer 0x55e66b80b620 (13 bytes)
1733660188.535267 sending message 112 to peer 0x55e66b80b620 (13 bytes)
1733660188.535270 sending message 112 to peer 0x55e66b80b620 (13 bytes)
1733660188.535273 sending message 112 to peer 0x55e66b80b620 (10 bytes)
1733660188.535277 sending message 112 to peer 0x55e66b80b620 (9 bytes)
1733660188.535280 sending message 112 to peer 0x55e66b80b620 (12 bytes)
1733660188.535283 sending message 112 to peer 0x55e66b80b620 (13 bytes)
1733660188.535287 sending message 112 to peer 0x55e66b80b620 (13 bytes)
1733660188.535290 sending message 112 to peer 0x55e66b80b620 (13 bytes)
1733660188.535294 sending message 112 to peer 0x55e66b80b620 (13 bytes)
1733660188.535297 sending message 112 to peer 0x55e66b80b620 (13 bytes)
1733660188.535300 sending message 112 to peer 0x55e66b80b620 (9 bytes)
1733660188.535303 sending message 112 to peer 0x55e66b80b620 (12 bytes)
1733660188.535309 sending message 112 to peer 0x55e66b80b620 (13 bytes)
1733660188.535313 sending message 112 to peer 0x55e66b80b620 (13 bytes)
1733660188.535316 sending message 112 to peer 0x55e66b80b620 (13 bytes)
1733660188.535320 sending message 112 to peer 0x55e66b80b620 (13 bytes)
1733660188.535323 sending message 112 to peer 0x55e66b80b620 (13 bytes)
1733660188.535327 sending message 112 to peer 0x55e66b80b620 (11 bytes)
1733660188.535330 sending message 112 to peer 0x55e66b80b620 (12 bytes)
1733660188.535333 sending message 112 to peer 0x55e66b80b620 (13 bytes)
1733660188.535336 sending message 112 to peer 0x55e66b80b620 (13 bytes)
1733660188.535339 sending message 112 to peer 0x55e66b80b620 (13 bytes)
1733660188.535342 sending message 112 to peer 0x55e66b80b620 (13 bytes)
1733660188.535345 sending message 112 to peer 0x55e66b80b620 (13 bytes)
1733660188.535348 sending message 112 to peer 0x55e66b80b620 (11 bytes)
1733660188.535351 sending message 112 to peer 0x55e66b80b620 (12 bytes)
1733660188.535354 sending message 112 to peer 0x55e66b80b620 (12 bytes)
1733660188.535357 sending message 112 to peer 0x55e66b80b620 (12 bytes)
1733660188.535360 sending message 112 to peer 0x55e66b80b620 (12 bytes)
1733660188.535363 sending message 112 to peer 0x55e66b80b620 (12 bytes)
1733660188.535366 sending message 112 to peer 0x55e66b80b620 (21 bytes)
1733660188.535369 sending message 112 to peer 0x55e66b80b620 (12 bytes)
1733660188.535372 sending message 112 to peer 0x55e66b80b620 (9 bytes)
1733660188.535376 sending message 112 to peer 0x55e66b80b620 (6 bytes)
1733660188.535379 sending message 112 to peer 0x55e66b80b620 (13 bytes)
1733660188.535382 sending message 112 to peer 0x55e66b80b620 (10 bytes)
1733660188.535385 sending message 112 to peer 0x55e66b80b620 (24 bytes)
1733660188.535388 sending message 112 to peer 0x55e66b80b620 (13 bytes)
1733660188.535392 sending message 112 to peer 0x55e66b80b620 (9 bytes)
1733660188.535395 sending message 112 to peer 0x55e66b80b620 (70 bytes)
1733660188.535398 sending message 112 to peer 0x55e66b80b620 (69 bytes)
1733660188.535401 sending message 112 to peer 0x55e66b80b620 (12 bytes)
1733660188.535405 sending message 112 to peer 0x55e66b80b620 (10 bytes)
1733660188.535408 sending message 112 to peer 0x55e66b80b620 (10 bytes)
1733660188.535412 sending message 112 to peer 0x55e66b80b620 (24 bytes)
1733660188.535416 sending message 112 to peer 0x55e66b80b620 (13 bytes)
1733660188.535419 sending message 112 to peer 0x55e66b80b620 (10 bytes)
1733660188.535426 sending message 112 to peer 0x55e66b80b620 (10 bytes)
1733660188.535429 sending message 112 to peer 0x55e66b80b620 (10 bytes)
1733660188.535433 sending message 112 to peer 0x55e66b80b620 (13 bytes)
1733660188.535437 sending message 112 to peer 0x55e66b80b620 (15 bytes)
1733660188.535440 sending message 112 to peer 0x55e66b80b620 (5 bytes)
1733660188.535445 sending message 104 to peer 0x55e66b80b620 (0 bytes)
1733660188.535449 sending message 110 to peer 0x55e66b80b620 (0 bytes)
1733660188.535453 sending message 107 to peer 0x55e66b80b620 (4 bytes)
1733660188.535457 sending message 105 to peer 0x55e66b80b620 (22 bytes)
1733660188.535461 sending message 105 to peer 0x55e66b80b620 (41 bytes)
1733660188.535464 sending message 105 to peer 0x55e66b80b620 (104 bytes)
1733660188.535468 sending message 105 to peer 0x55e66b80b620 (86 bytes)
1733660188.535472 sending message 105 to peer 0x55e66b80b620 (17 bytes)
1733660188.535476 sending message 105 to peer 0x55e66b80b620 (26 bytes)
1733660188.535480 sending message 105 to peer 0x55e66b80b620 (26 bytes)
1733660188.535485 sending message 105 to peer 0x55e66b80b620 (18 bytes)
1733660188.535489 sending message 105 to peer 0x55e66b80b620 (18 bytes)
1733660188.535493 sending message 105 to peer 0x55e66b80b620 (22 bytes)
1733660188.535496 sending message 105 to peer 0x55e66b80b620 (16 bytes)
1733660188.535500 sending message 105 to peer 0x55e66b80b620 (23 bytes)
1733660188.535503 sending message 105 to peer 0x55e66b80b620 (47 bytes)
1733660188.535510 sending message 105 to peer 0x55e66b80b620 (22 bytes)
1733660188.535513 sending message 105 to peer 0x55e66b80b620 (54 bytes)
1733660188.535517 sending message 105 to peer 0x55e66b80b620 (27 bytes)
1733660188.535520 sending message 105 to peer 0x55e66b80b620 (28 bytes)
1733660188.535524 sending message 105 to peer 0x55e66b80b620 (16 bytes)
1733660188.535527 sending message 105 to peer 0x55e66b80b620 (17 bytes)
1733660188.535532 sending message 105 to peer 0x55e66b80b620 (26 bytes)
1733660188.535536 sending message 105 to peer 0x55e66b80b620 (19 bytes)
1733660188.535539 sending message 105 to peer 0x55e66b80b620 (44 bytes)
1733660188.535543 sending message 105 to peer 0x55e66b80b620 (23 bytes)
1733660188.535550 sending message 105 to peer 0x55e66b80b620 (19 bytes)
1733660188.535554 sending message 105 to peer 0x55e66b80b620 (30 bytes)
1733660188.535558 sending message 105 to peer 0x55e66b80b620 (158 bytes)
1733660188.535562 sending message 105 to peer 0x55e66b80b620 (31 bytes)
1733660188.535566 sending message 105 to peer 0x55e66b80b620 (20 bytes)
1733660188.535570 sending message 105 to peer 0x55e66b80b620 (15 bytes)
1733660188.535573 sending message 105 to peer 0x55e66b80b620 (25 bytes)
1733660188.535577 sending message 105 to peer 0x55e66b80b620 (20 bytes)
1733660188.535580 sending message 105 to peer 0x55e66b80b620 (21 bytes)
1733660188.535583 sending message 105 to peer 0x55e66b80b620 (20 bytes)
1733660188.535586 sending message 105 to peer 0x55e66b80b620 (54 bytes)
1733660188.535589 sending message 105 to peer 0x55e66b80b620 (49 bytes)
1733660188.535592 sending message 105 to peer 0x55e66b80b620 (11 bytes)
1733660188.535595 sending message 105 to peer 0x55e66b80b620 (20 bytes)
1733660188.535598 sending message 105 to peer 0x55e66b80b620 (17 bytes)
1733660188.535603 sending message 105 to peer 0x55e66b80b620 (23 bytes)
1733660188.535607 sending message 105 to peer 0x55e66b80b620 (8 bytes)
1733660188.535611 sending message 105 to peer 0x55e66b80b620 (32 bytes)
1733660188.535615 sending message 105 to peer 0x55e66b80b620 (11 bytes)
1733660188.535619 sending message 105 to peer 0x55e66b80b620 (8 bytes)
1733660188.535622 sending message 105 to peer 0x55e66b80b620 (32 bytes)
1733660188.535626 sending message 105 to peer 0x55e66b80b620 (1764 bytes)
1733660188.535649 sending message 105 to peer 0x55e66b80b620 (30 bytes)
1733660188.535653 sending message 105 to peer 0x55e66b80b620 (79 bytes)
1733660188.535657 sending message 106 to peer 0x55e66b80b620 (0 bytes)
1733660188.535712 sending message 200 to peer 0x55e66b80b620 (4 bytes)
1733660188.535717 client loop enter
1733660188.537943 peer 0x55e66b80b620 message 207
1733660188.537954 sending message 208 to peer 0x55e66b80b620 (0 bytes)
1733660192.288352 peer 0x55e66b80b620 message 203
1733660192.288386 sending message 205 to peer 0x55e66b80b620 (0 bytes)
1733660192.289169 peer 0x55e66b80b620 message 204
1733660192.289203 client loop exit
